Analysis & Synthesis report for clock_can_change
Thu Aug 29 10:47:52 2024
Quartus II 64-Bit Version 13.0.1 Build 232 06/12/2013 Service Pack 1 SJ Web Edition


---------------------
; Table of Contents ;
---------------------
  1. Legal Notice
  2. Analysis & Synthesis Summary
  3. Analysis & Synthesis Settings
  4. Parallel Compilation
  5. Analysis & Synthesis Source Files Read
  6. Analysis & Synthesis Resource Usage Summary
  7. Analysis & Synthesis Resource Utilization by Entity
  8. General Register Statistics
  9. Multiplexer Restructuring Statistics (Restructuring Performed)
 10. Parameter Settings for User Entity Instance: top:t1|clock:clock_dut|setting_mode_new:se0|debouncer:debouncer_u1
 11. Parameter Settings for User Entity Instance: top:t1|clock:clock_dut|debouncer:d0
 12. Parameter Settings for User Entity Instance: top:t1|clock:clock_dut|debouncer:d1
 13. Port Connectivity Checks: "top:t1|binary_gen:b0"
 14. Elapsed Time Per Partition
 15. Analysis & Synthesis Messages
 16. Analysis & Synthesis Suppressed Messages



----------------
; Legal Notice ;
----------------
Copyright (C) 1991-2013 Altera Corporation
Your use of Altera Corporation's design tools, logic functions 
and other software and tools, and its AMPP partner logic 
functions, and any output files from any of the foregoing 
(including device programming or simulation files), and any 
associated documentation or information are expressly subject 
to the terms and conditions of the Altera Program License 
Subscription Agreement, Altera MegaCore Function License 
Agreement, or other applicable license agreement, including, 
without limitation, that your use is for the sole purpose of 
programming logic devices manufactured by Altera and sold by 
Altera or its authorized distributors.  Please refer to the 
applicable agreement for further details.



+--------------------------------------------------------------------------------------+
; Analysis & Synthesis Summary                                                         ;
+------------------------------------+-------------------------------------------------+
; Analysis & Synthesis Status        ; Successful - Thu Aug 29 10:47:52 2024           ;
; Quartus II 64-Bit Version          ; 13.0.1 Build 232 06/12/2013 SP 1 SJ Web Edition ;
; Revision Name                      ; clock_can_change                                ;
; Top-level Entity Name              ; wrapper                                         ;
; Family                             ; Cyclone II                                      ;
; Total logic elements               ; 367                                             ;
;     Total combinational functions  ; 360                                             ;
;     Dedicated logic registers      ; 165                                             ;
; Total registers                    ; 165                                             ;
; Total pins                         ; 50                                              ;
; Total virtual pins                 ; 0                                               ;
; Total memory bits                  ; 0                                               ;
; Embedded Multiplier 9-bit elements ; 0                                               ;
; Total PLLs                         ; 0                                               ;
+------------------------------------+-------------------------------------------------+


+----------------------------------------------------------------------------------------------------------------------+
; Analysis & Synthesis Settings                                                                                        ;
+----------------------------------------------------------------------------+--------------------+--------------------+
; Option                                                                     ; Setting            ; Default Value      ;
+----------------------------------------------------------------------------+--------------------+--------------------+
; Device                                                                     ; EP2C35F672C6       ;                    ;
; Top-level entity name                                                      ; wrapper            ; clock_can_change   ;
; Family name                                                                ; Cyclone II         ; Cyclone IV GX      ;
; Use smart compilation                                                      ; Off                ; Off                ;
; Enable parallel Assembler and TimeQuest Timing Analyzer during compilation ; On                 ; On                 ;
; Enable compact report table                                                ; Off                ; Off                ;
; Restructure Multiplexers                                                   ; Auto               ; Auto               ;
; Create Debugging Nodes for IP Cores                                        ; Off                ; Off                ;
; Preserve fewer node names                                                  ; On                 ; On                 ;
; Disable OpenCore Plus hardware evaluation                                  ; Off                ; Off                ;
; Verilog Version                                                            ; Verilog_2001       ; Verilog_2001       ;
; VHDL Version                                                               ; VHDL_1993          ; VHDL_1993          ;
; State Machine Processing                                                   ; Auto               ; Auto               ;
; Safe State Machine                                                         ; Off                ; Off                ;
; Extract Verilog State Machines                                             ; On                 ; On                 ;
; Extract VHDL State Machines                                                ; On                 ; On                 ;
; Ignore Verilog initial constructs                                          ; Off                ; Off                ;
; Iteration limit for constant Verilog loops                                 ; 5000               ; 5000               ;
; Iteration limit for non-constant Verilog loops                             ; 250                ; 250                ;
; Add Pass-Through Logic to Inferred RAMs                                    ; On                 ; On                 ;
; Infer RAMs from Raw Logic                                                  ; On                 ; On                 ;
; Parallel Synthesis                                                         ; On                 ; On                 ;
; DSP Block Balancing                                                        ; Auto               ; Auto               ;
; NOT Gate Push-Back                                                         ; On                 ; On                 ;
; Power-Up Don't Care                                                        ; On                 ; On                 ;
; Remove Redundant Logic Cells                                               ; Off                ; Off                ;
; Remove Duplicate Registers                                                 ; On                 ; On                 ;
; Ignore CARRY Buffers                                                       ; Off                ; Off                ;
; Ignore CASCADE Buffers                                                     ; Off                ; Off                ;
; Ignore GLOBAL Buffers                                                      ; Off                ; Off                ;
; Ignore ROW GLOBAL Buffers                                                  ; Off                ; Off                ;
; Ignore LCELL Buffers                                                       ; Off                ; Off                ;
; Ignore SOFT Buffers                                                        ; On                 ; On                 ;
; Limit AHDL Integers to 32 Bits                                             ; Off                ; Off                ;
; Optimization Technique                                                     ; Balanced           ; Balanced           ;
; Carry Chain Length                                                         ; 70                 ; 70                 ;
; Auto Carry Chains                                                          ; On                 ; On                 ;
; Auto Open-Drain Pins                                                       ; On                 ; On                 ;
; Perform WYSIWYG Primitive Resynthesis                                      ; Off                ; Off                ;
; Auto ROM Replacement                                                       ; On                 ; On                 ;
; Auto RAM Replacement                                                       ; On                 ; On                 ;
; Auto Shift Register Replacement                                            ; Auto               ; Auto               ;
; Allow Shift Register Merging across Hierarchies                            ; Auto               ; Auto               ;
; Auto Clock Enable Replacement                                              ; On                 ; On                 ;
; Strict RAM Replacement                                                     ; Off                ; Off                ;
; Allow Synchronous Control Signals                                          ; On                 ; On                 ;
; Force Use of Synchronous Clear Signals                                     ; Off                ; Off                ;
; Auto RAM to Logic Cell Conversion                                          ; Off                ; Off                ;
; Auto Resource Sharing                                                      ; Off                ; Off                ;
; Allow Any RAM Size For Recognition                                         ; Off                ; Off                ;
; Allow Any ROM Size For Recognition                                         ; Off                ; Off                ;
; Allow Any Shift Register Size For Recognition                              ; Off                ; Off                ;
; Use LogicLock Constraints during Resource Balancing                        ; On                 ; On                 ;
; Ignore translate_off and synthesis_off directives                          ; Off                ; Off                ;
; Timing-Driven Synthesis                                                    ; Off                ; Off                ;
; Report Parameter Settings                                                  ; On                 ; On                 ;
; Report Source Assignments                                                  ; On                 ; On                 ;
; Report Connectivity Checks                                                 ; On                 ; On                 ;
; Ignore Maximum Fan-Out Assignments                                         ; Off                ; Off                ;
; Synchronization Register Chain Length                                      ; 2                  ; 2                  ;
; PowerPlay Power Optimization                                               ; Normal compilation ; Normal compilation ;
; HDL message level                                                          ; Level2             ; Level2             ;
; Suppress Register Optimization Related Messages                            ; Off                ; Off                ;
; Number of Removed Registers Reported in Synthesis Report                   ; 5000               ; 5000               ;
; Number of Swept Nodes Reported in Synthesis Report                         ; 5000               ; 5000               ;
; Number of Inverted Registers Reported in Synthesis Report                  ; 100                ; 100                ;
; Clock MUX Protection                                                       ; On                 ; On                 ;
; Auto Gated Clock Conversion                                                ; Off                ; Off                ;
; Block Design Naming                                                        ; Auto               ; Auto               ;
; SDC constraint protection                                                  ; Off                ; Off                ;
; Synthesis Effort                                                           ; Auto               ; Auto               ;
; Shift Register Replacement - Allow Asynchronous Clear Signal               ; On                 ; On                 ;
; Pre-Mapping Resynthesis Optimization                                       ; Off                ; Off                ;
; Analysis & Synthesis Message Level                                         ; Medium             ; Medium             ;
; Disable Register Merging Across Hierarchies                                ; Auto               ; Auto               ;
; Resource Aware Inference For Block RAM                                     ; On                 ; On                 ;
; Synthesis Seed                                                             ; 1                  ; 1                  ;
+----------------------------------------------------------------------------+--------------------+--------------------+


Parallel compilation was disabled, but you have multiple processors available. Enable parallel compilation to reduce compilation time.
+-------------------------------------+
; Parallel Compilation                ;
+----------------------------+--------+
; Processors                 ; Number ;
+----------------------------+--------+
; Number detected on machine ; 12     ;
; Maximum allowed            ; 1      ;
+----------------------------+--------+


+-------------------------------------------------------------------------------------------------------------------------------------------------------------------+
; Analysis & Synthesis Source Files Read                                                                                                                            ;
+----------------------------------+-----------------+------------------------------+---------------------------------------------------------------------+---------+
; File Name with User-Entered Path ; Used in Netlist ; File Type                    ; File Name with Absolute Path                                        ; Library ;
+----------------------------------+-----------------+------------------------------+---------------------------------------------------------------------+---------+
; ../src/debounce_fix.sv           ; yes             ; User SystemVerilog HDL File  ; E:/Lecture/TTNT 233/topic1_bc1/clock_button/src/debounce_fix.sv     ;         ;
; ../src/count_2b.sv               ; yes             ; User SystemVerilog HDL File  ; E:/Lecture/TTNT 233/topic1_bc1/clock_button/src/count_2b.sv         ;         ;
; ../src/sec_en.sv                 ; yes             ; User SystemVerilog HDL File  ; E:/Lecture/TTNT 233/topic1_bc1/clock_button/src/sec_en.sv           ;         ;
; ../src/en_5hz.sv                 ; yes             ; User SystemVerilog HDL File  ; E:/Lecture/TTNT 233/topic1_bc1/clock_button/src/en_5hz.sv           ;         ;
; ../src/timer_clock.sv            ; yes             ; User SystemVerilog HDL File  ; E:/Lecture/TTNT 233/topic1_bc1/clock_button/src/timer_clock.sv      ;         ;
; ../src/clock.sv                  ; yes             ; User SystemVerilog HDL File  ; E:/Lecture/TTNT 233/topic1_bc1/clock_button/src/clock.sv            ;         ;
; ../src/binary_gen.sv             ; yes             ; User SystemVerilog HDL File  ; E:/Lecture/TTNT 233/topic1_bc1/clock_button/src/binary_gen.sv       ;         ;
; ../src/binary2BCD.sv             ; yes             ; User SystemVerilog HDL File  ; E:/Lecture/TTNT 233/topic1_bc1/clock_button/src/binary2BCD.sv       ;         ;
; ../src/hexled.sv                 ; yes             ; User SystemVerilog HDL File  ; E:/Lecture/TTNT 233/topic1_bc1/clock_button/src/hexled.sv           ;         ;
; ../src/hexled_timer.sv           ; yes             ; User SystemVerilog HDL File  ; E:/Lecture/TTNT 233/topic1_bc1/clock_button/src/hexled_timer.sv     ;         ;
; ../src/top.sv                    ; yes             ; User SystemVerilog HDL File  ; E:/Lecture/TTNT 233/topic1_bc1/clock_button/src/top.sv              ;         ;
; ../src/wrapper.sv                ; yes             ; User SystemVerilog HDL File  ; E:/Lecture/TTNT 233/topic1_bc1/clock_button/src/wrapper.sv          ;         ;
; ../src/debouncer.sv              ; yes             ; User SystemVerilog HDL File  ; E:/Lecture/TTNT 233/topic1_bc1/clock_button/src/debouncer.sv        ;         ;
; ../src/setting_mode_new.sv       ; yes             ; User SystemVerilog HDL File  ; E:/Lecture/TTNT 233/topic1_bc1/clock_button/src/setting_mode_new.sv ;         ;
+----------------------------------+-----------------+------------------------------+---------------------------------------------------------------------+---------+


+--------------------------------------------------------+
; Analysis & Synthesis Resource Usage Summary            ;
+---------------------------------------------+----------+
; Resource                                    ; Usage    ;
+---------------------------------------------+----------+
; Estimated Total logic elements              ; 367      ;
;                                             ;          ;
; Total combinational functions               ; 360      ;
; Logic element usage by number of LUT inputs ;          ;
;     -- 4 input functions                    ; 136      ;
;     -- 3 input functions                    ; 37       ;
;     -- <=2 input functions                  ; 187      ;
;                                             ;          ;
; Logic elements by mode                      ;          ;
;     -- normal mode                          ; 201      ;
;     -- arithmetic mode                      ; 159      ;
;                                             ;          ;
; Total registers                             ; 165      ;
;     -- Dedicated logic registers            ; 165      ;
;     -- I/O registers                        ; 0        ;
;                                             ;          ;
; I/O pins                                    ; 50       ;
; Embedded Multiplier 9-bit elements          ; 0        ;
; Maximum fan-out node                        ; CLOCK_50 ;
; Maximum fan-out                             ; 165      ;
; Total fan-out                               ; 1564     ;
; Average fan-out                             ; 2.72     ;
+---------------------------------------------+----------+


+-----------------------------------------------------------------------------------------------------------------------------------------------------------------------------------------------------------------------------------------------+
; Analysis & Synthesis Resource Utilization by Entity                                                                                                                                                                                           ;
+--------------------------------------+-------------------+--------------+-------------+--------------+---------+-----------+------+--------------+-----------------------------------------------------------------------------+--------------+
; Compilation Hierarchy Node           ; LC Combinationals ; LC Registers ; Memory Bits ; DSP Elements ; DSP 9x9 ; DSP 18x18 ; Pins ; Virtual Pins ; Full Hierarchy Name                                                         ; Library Name ;
+--------------------------------------+-------------------+--------------+-------------+--------------+---------+-----------+------+--------------+-----------------------------------------------------------------------------+--------------+
; |wrapper                             ; 360 (0)           ; 165 (0)      ; 0           ; 0            ; 0       ; 0         ; 50   ; 0            ; |wrapper                                                                    ; work         ;
;    |top:t1|                          ; 360 (0)           ; 165 (0)      ; 0           ; 0            ; 0       ; 0         ; 0    ; 0            ; |wrapper|top:t1                                                             ; work         ;
;       |binary_gen:b0|                ; 23 (0)            ; 0 (0)        ; 0           ; 0            ; 0       ; 0         ; 0    ; 0            ; |wrapper|top:t1|binary_gen:b0                                               ; work         ;
;          |binary2BCD:u0|             ; 9 (9)             ; 0 (0)        ; 0           ; 0            ; 0       ; 0         ; 0    ; 0            ; |wrapper|top:t1|binary_gen:b0|binary2BCD:u0                                 ; work         ;
;          |binary2BCD:u1|             ; 9 (9)             ; 0 (0)        ; 0           ; 0            ; 0       ; 0         ; 0    ; 0            ; |wrapper|top:t1|binary_gen:b0|binary2BCD:u1                                 ; work         ;
;          |binary2BCD:u2|             ; 5 (5)             ; 0 (0)        ; 0           ; 0            ; 0       ; 0         ; 0    ; 0            ; |wrapper|top:t1|binary_gen:b0|binary2BCD:u2                                 ; work         ;
;       |clock:clock_dut|              ; 293 (0)           ; 165 (0)      ; 0           ; 0            ; 0       ; 0         ; 0    ; 0            ; |wrapper|top:t1|clock:clock_dut                                             ; work         ;
;          |debouncer:d0|              ; 34 (34)           ; 27 (27)      ; 0           ; 0            ; 0       ; 0         ; 0    ; 0            ; |wrapper|top:t1|clock:clock_dut|debouncer:d0                                ; work         ;
;          |debouncer:d1|              ; 34 (34)           ; 27 (27)      ; 0           ; 0            ; 0       ; 0         ; 0    ; 0            ; |wrapper|top:t1|clock:clock_dut|debouncer:d1                                ; work         ;
;          |en_5hz:e0|                 ; 52 (52)           ; 32 (32)      ; 0           ; 0            ; 0       ; 0         ; 0    ; 0            ; |wrapper|top:t1|clock:clock_dut|en_5hz:e0                                   ; work         ;
;          |sec_en:s0|                 ; 59 (59)           ; 32 (32)      ; 0           ; 0            ; 0       ; 0         ; 0    ; 0            ; |wrapper|top:t1|clock:clock_dut|sec_en:s0                                   ; work         ;
;          |setting_mode_new:se0|      ; 36 (0)            ; 30 (0)       ; 0           ; 0            ; 0       ; 0         ; 0    ; 0            ; |wrapper|top:t1|clock:clock_dut|setting_mode_new:se0                        ; work         ;
;             |count_2b:a0|            ; 2 (2)             ; 2 (2)        ; 0           ; 0            ; 0       ; 0         ; 0    ; 0            ; |wrapper|top:t1|clock:clock_dut|setting_mode_new:se0|count_2b:a0            ; work         ;
;             |debounce_fix:x0|        ; 0 (0)             ; 1 (1)        ; 0           ; 0            ; 0       ; 0         ; 0    ; 0            ; |wrapper|top:t1|clock:clock_dut|setting_mode_new:se0|debounce_fix:x0        ; work         ;
;             |debouncer:debouncer_u1| ; 34 (34)           ; 27 (27)      ; 0           ; 0            ; 0       ; 0         ; 0    ; 0            ; |wrapper|top:t1|clock:clock_dut|setting_mode_new:se0|debouncer:debouncer_u1 ; work         ;
;          |timer_clock:t0|            ; 78 (78)           ; 17 (17)      ; 0           ; 0            ; 0       ; 0         ; 0    ; 0            ; |wrapper|top:t1|clock:clock_dut|timer_clock:t0                              ; work         ;
;       |hexled_timer:h0|              ; 44 (0)            ; 0 (0)        ; 0           ; 0            ; 0       ; 0         ; 0    ; 0            ; |wrapper|top:t1|hexled_timer:h0                                             ; work         ;
;          |hexled:u0|                 ; 7 (7)             ; 0 (0)        ; 0           ; 0            ; 0       ; 0         ; 0    ; 0            ; |wrapper|top:t1|hexled_timer:h0|hexled:u0                                   ; work         ;
;          |hexled:u1|                 ; 9 (9)             ; 0 (0)        ; 0           ; 0            ; 0       ; 0         ; 0    ; 0            ; |wrapper|top:t1|hexled_timer:h0|hexled:u1                                   ; work         ;
;          |hexled:u2|                 ; 7 (7)             ; 0 (0)        ; 0           ; 0            ; 0       ; 0         ; 0    ; 0            ; |wrapper|top:t1|hexled_timer:h0|hexled:u2                                   ; work         ;
;          |hexled:u3|                 ; 9 (9)             ; 0 (0)        ; 0           ; 0            ; 0       ; 0         ; 0    ; 0            ; |wrapper|top:t1|hexled_timer:h0|hexled:u3                                   ; work         ;
;          |hexled:u4|                 ; 9 (9)             ; 0 (0)        ; 0           ; 0            ; 0       ; 0         ; 0    ; 0            ; |wrapper|top:t1|hexled_timer:h0|hexled:u4                                   ; work         ;
;          |hexled:u5|                 ; 3 (3)             ; 0 (0)        ; 0           ; 0            ; 0       ; 0         ; 0    ; 0            ; |wrapper|top:t1|hexled_timer:h0|hexled:u5                                   ; work         ;
+--------------------------------------+-------------------+--------------+-------------+--------------+---------+-----------+------+--------------+-----------------------------------------------------------------------------+--------------+
Note: For table entries with two numbers listed, the numbers in parentheses indicate the number of resources of the given type used by the specific entity alone. The numbers listed outside of parentheses indicate the total resources of the given type used by the specific entity and all of its sub-entities in the hierarchy.


+------------------------------------------------------+
; General Register Statistics                          ;
+----------------------------------------------+-------+
; Statistic                                    ; Value ;
+----------------------------------------------+-------+
; Total registers                              ; 165   ;
; Number of registers using Synchronous Clear  ; 72    ;
; Number of registers using Synchronous Load   ; 0     ;
; Number of registers using Asynchronous Clear ; 83    ;
; Number of registers using Asynchronous Load  ; 0     ;
; Number of registers using Clock Enable       ; 17    ;
; Number of registers using Preset             ; 0     ;
+----------------------------------------------+-------+


+----------------------------------------------------------------------------------------------------------------------------------------------------------------------------+
; Multiplexer Restructuring Statistics (Restructuring Performed)                                                                                                             ;
+--------------------+-----------+---------------+----------------------+------------------------+------------+--------------------------------------------------------------+
; Multiplexer Inputs ; Bus Width ; Baseline Area ; Area if Restructured ; Saving if Restructured ; Registered ; Example Multiplexer Output                                   ;
+--------------------+-----------+---------------+----------------------+------------------------+------------+--------------------------------------------------------------+
; 6:1                ; 6 bits    ; 24 LEs        ; 12 LEs               ; 12 LEs                 ; Yes        ; |wrapper|top:t1|clock:clock_dut|timer_clock:t0|second_cnt[1] ;
; 6:1                ; 6 bits    ; 24 LEs        ; 12 LEs               ; 12 LEs                 ; Yes        ; |wrapper|top:t1|clock:clock_dut|timer_clock:t0|minute_cnt[5] ;
; 6:1                ; 5 bits    ; 20 LEs        ; 10 LEs               ; 10 LEs                 ; Yes        ; |wrapper|top:t1|clock:clock_dut|timer_clock:t0|hour_cnt[2]   ;
+--------------------+-----------+---------------+----------------------+------------------------+------------+--------------------------------------------------------------+


+-----------------------------------------------------------------------------------------------------------------+
; Parameter Settings for User Entity Instance: top:t1|clock:clock_dut|setting_mode_new:se0|debouncer:debouncer_u1 ;
+----------------+----------+-------------------------------------------------------------------------------------+
; Parameter Name ; Value    ; Type                                                                                ;
+----------------+----------+-------------------------------------------------------------------------------------+
; CLOCK_FREQ     ; 50000000 ; Signed Integer                                                                      ;
; STABLE_TIME_ms ; 10       ; Signed Integer                                                                      ;
+----------------+----------+-------------------------------------------------------------------------------------+
Note: In order to hide this table in the UI and the text report file, please set the "Show Parameter Settings in Synthesis Report" option in "Analysis and Synthesis Settings -> More Settings" to "Off".


+----------------------------------------------------------------------------------+
; Parameter Settings for User Entity Instance: top:t1|clock:clock_dut|debouncer:d0 ;
+----------------+----------+------------------------------------------------------+
; Parameter Name ; Value    ; Type                                                 ;
+----------------+----------+------------------------------------------------------+
; CLOCK_FREQ     ; 50000000 ; Signed Integer                                       ;
; STABLE_TIME_ms ; 10       ; Signed Integer                                       ;
+----------------+----------+------------------------------------------------------+
Note: In order to hide this table in the UI and the text report file, please set the "Show Parameter Settings in Synthesis Report" option in "Analysis and Synthesis Settings -> More Settings" to "Off".


+----------------------------------------------------------------------------------+
; Parameter Settings for User Entity Instance: top:t1|clock:clock_dut|debouncer:d1 ;
+----------------+----------+------------------------------------------------------+
; Parameter Name ; Value    ; Type                                                 ;
+----------------+----------+------------------------------------------------------+
; CLOCK_FREQ     ; 50000000 ; Signed Integer                                       ;
; STABLE_TIME_ms ; 10       ; Signed Integer                                       ;
+----------------+----------+------------------------------------------------------+
Note: In order to hide this table in the UI and the text report file, please set the "Show Parameter Settings in Synthesis Report" option in "Analysis and Synthesis Settings -> More Settings" to "Off".


+------------------------------------------------------------------------------------------------------------------------------------------------------------------------+
; Port Connectivity Checks: "top:t1|binary_gen:b0"                                                                                                                       ;
+------+-------+----------+----------------------------------------------------------------------------------------------------------------------------------------------+
; Port ; Type  ; Severity ; Details                                                                                                                                      ;
+------+-------+----------+----------------------------------------------------------------------------------------------------------------------------------------------+
; hour ; Input ; Warning  ; Input port expression (5 bits) is smaller than the input port (6 bits) it drives.  Extra input bit(s) "hour[5..5]" will be connected to GND. ;
+------+-------+----------+----------------------------------------------------------------------------------------------------------------------------------------------+


+-------------------------------+
; Elapsed Time Per Partition    ;
+----------------+--------------+
; Partition Name ; Elapsed Time ;
+----------------+--------------+
; Top            ; 00:00:00     ;
+----------------+--------------+


+-------------------------------+
; Analysis & Synthesis Messages ;
+-------------------------------+
Info: *******************************************************************
Info: Running Quartus II 64-Bit Analysis & Synthesis
    Info: Version 13.0.1 Build 232 06/12/2013 Service Pack 1 SJ Web Edition
    Info: Processing started: Thu Aug 29 10:47:48 2024
Info: Command: quartus_map --read_settings_files=on --write_settings_files=off clock_can_change -c clock_can_change
Warning (20028): Parallel compilation is not licensed and has been disabled
Info (12021): Found 1 design units, including 1 entities, in source file /lecture/ttnt 233/topic1_bc1/clock_button/src/debounce_button.sv
    Info (12023): Found entity 1: debounce_button
Info (12021): Found 1 design units, including 1 entities, in source file /lecture/ttnt 233/topic1_bc1/clock_button/src/debounce_fix.sv
    Info (12023): Found entity 1: debounce_fix
Info (12021): Found 1 design units, including 1 entities, in source file /lecture/ttnt 233/topic1_bc1/clock_button/src/count_2b.sv
    Info (12023): Found entity 1: count_2b
Info (12021): Found 1 design units, including 1 entities, in source file /lecture/ttnt 233/topic1_bc1/clock_button/src/sec_en.sv
    Info (12023): Found entity 1: sec_en
Info (12021): Found 1 design units, including 1 entities, in source file /lecture/ttnt 233/topic1_bc1/clock_button/src/en_5hz.sv
    Info (12023): Found entity 1: en_5hz
Info (12021): Found 1 design units, including 1 entities, in source file /lecture/ttnt 233/topic1_bc1/clock_button/src/timer_clock.sv
    Info (12023): Found entity 1: timer_clock
Info (12021): Found 1 design units, including 1 entities, in source file /lecture/ttnt 233/topic1_bc1/clock_button/tb/test_second_clock.sv
    Info (12023): Found entity 1: test_second_clock
Info (12021): Found 1 design units, including 1 entities, in source file /lecture/ttnt 233/topic1_bc1/clock_button/src/setting_mode.sv
    Info (12023): Found entity 1: setting_mode
Info (12021): Found 1 design units, including 1 entities, in source file /lecture/ttnt 233/topic1_bc1/clock_button/src/clock.sv
    Info (12023): Found entity 1: clock
Info (12021): Found 1 design units, including 1 entities, in source file /lecture/ttnt 233/topic1_bc1/clock_button/src/binary_gen.sv
    Info (12023): Found entity 1: binary_gen
Info (12021): Found 1 design units, including 1 entities, in source file /lecture/ttnt 233/topic1_bc1/clock_button/src/binary2bcd.sv
    Info (12023): Found entity 1: binary2BCD
Info (12021): Found 1 design units, including 1 entities, in source file /lecture/ttnt 233/topic1_bc1/clock_button/src/hexled.sv
    Info (12023): Found entity 1: hexled
Info (12021): Found 1 design units, including 1 entities, in source file /lecture/ttnt 233/topic1_bc1/clock_button/src/hexled_timer.sv
    Info (12023): Found entity 1: hexled_timer
Info (12021): Found 1 design units, including 1 entities, in source file /lecture/ttnt 233/topic1_bc1/clock_button/src/top.sv
    Info (12023): Found entity 1: top
Info (12021): Found 1 design units, including 1 entities, in source file /lecture/ttnt 233/topic1_bc1/clock_button/src/wrapper.sv
    Info (12023): Found entity 1: wrapper
Info (12021): Found 1 design units, including 1 entities, in source file /lecture/ttnt 233/topic1_bc1/clock_button/src/debounce_final.sv
    Info (12023): Found entity 1: debounce_final
Info (12021): Found 1 design units, including 1 entities, in source file /lecture/ttnt 233/topic1_bc1/clock_button/src/count_button.sv
    Info (12023): Found entity 1: count_button
Info (12021): Found 1 design units, including 1 entities, in source file /lecture/ttnt 233/topic1_bc1/clock_button/src/debouncer.sv
    Info (12023): Found entity 1: debouncer
Info (12021): Found 1 design units, including 1 entities, in source file /lecture/ttnt 233/topic1_bc1/clock_button/src/setting_mode_new.sv
    Info (12023): Found entity 1: setting_mode_new
Info (12021): Found 1 design units, including 1 entities, in source file /lecture/ttnt 233/topic1_bc1/clock_button/src/ff_ff.sv
    Info (12023): Found entity 1: ff_ff
Critical Warning (10846): Verilog HDL Instantiation warning at test_second_clock.sv(35): instance has no name
Info (12127): Elaborating entity "wrapper" for the top level hierarchy
Info (12128): Elaborating entity "top" for hierarchy "top:t1"
Info (12128): Elaborating entity "clock" for hierarchy "top:t1|clock:clock_dut"
Info (12128): Elaborating entity "setting_mode_new" for hierarchy "top:t1|clock:clock_dut|setting_mode_new:se0"
Info (12128): Elaborating entity "debouncer" for hierarchy "top:t1|clock:clock_dut|setting_mode_new:se0|debouncer:debouncer_u1"
Info (12128): Elaborating entity "debounce_fix" for hierarchy "top:t1|clock:clock_dut|setting_mode_new:se0|debounce_fix:x0"
Info (12128): Elaborating entity "count_2b" for hierarchy "top:t1|clock:clock_dut|setting_mode_new:se0|count_2b:a0"
Warning (10230): Verilog HDL assignment warning at count_2b.sv(15): truncated value with size 32 to match size of target (2)
Info (12128): Elaborating entity "sec_en" for hierarchy "top:t1|clock:clock_dut|sec_en:s0"
Warning (10230): Verilog HDL assignment warning at sec_en.sv(13): truncated value with size 32 to match size of target (1)
Info (12128): Elaborating entity "en_5hz" for hierarchy "top:t1|clock:clock_dut|en_5hz:e0"
Warning (10230): Verilog HDL assignment warning at en_5hz.sv(13): truncated value with size 32 to match size of target (1)
Info (12128): Elaborating entity "timer_clock" for hierarchy "top:t1|clock:clock_dut|timer_clock:t0"
Info (12128): Elaborating entity "binary_gen" for hierarchy "top:t1|binary_gen:b0"
Info (12128): Elaborating entity "binary2BCD" for hierarchy "top:t1|binary_gen:b0|binary2BCD:u0"
Info (12128): Elaborating entity "hexled_timer" for hierarchy "top:t1|hexled_timer:h0"
Info (12128): Elaborating entity "hexled" for hierarchy "top:t1|hexled_timer:h0|hexled:u0"
Warning (12241): 1 hierarchies have connectivity warnings - see the Connectivity Checks report folder
Warning (13024): Output pins are stuck at VCC or GND
    Warning (13410): Pin "HEX5[1]" is stuck at GND
Info (144001): Generated suppressed messages file E:/Lecture/TTNT 233/topic1_bc1/clock_button/quartus/output_files/clock_can_change.map.smsg
Info (16010): Generating hard_block partition "hard_block:auto_generated_inst"
    Info (16011): Adding 0 node(s), including 0 DDIO, 0 PLL, 0 transceiver and 0 LCELL
Info (21057): Implemented 417 device resources after synthesis - the final resource count might be different
    Info (21058): Implemented 5 input pins
    Info (21059): Implemented 45 output pins
    Info (21061): Implemented 367 logic cells
Info: Quartus II 64-Bit Analysis & Synthesis was successful. 0 errors, 8 warnings
    Info: Peak virtual memory: 4616 megabytes
    Info: Processing ended: Thu Aug 29 10:47:52 2024
    Info: Elapsed time: 00:00:04
    Info: Total CPU time (on all processors): 00:00:03


+------------------------------------------+
; Analysis & Synthesis Suppressed Messages ;
+------------------------------------------+
The suppressed messages can be found in E:/Lecture/TTNT 233/topic1_bc1/clock_button/quartus/output_files/clock_can_change.map.smsg.


